ERROR this is an error message
WARN this is a warning message
INFO this is an info message
ERROR this is another error message
DEBUG this is a debug message
ERROR this is a random error message 1
ERROR this is a random error message 2
ERROR this is a random error message 3
ERROR this is a random error message 4
ERROR this is a random error message 5
ERROR this is a random error message 6
ERROR this is a random error message 7
ERROR this is a random error message 8
ERROR this is a random error message 9
ERROR this is a random error message 10
ERROR this is a random error message 11
ERROR this is a random error message 12
ERROR this is a random error message 13
ERROR this is a random error message 14
ERROR this is a random error message 15
ERROR this is a random error message 16
ERROR this is a random error message 17
DEBUG this is another debug message
ERROR this is a random error message 18
ERROR this is a random error message 19
ERROR this is a random error message 20
ERROR this is a random error message 21
ERROR this is a random error message 22
ERROR this is a random error message 23
ERROR this is a random error message 24
ERROR this is a random error message 25
ERROR this is a random error message 26
ERROR this is a random error message 27
ERROR this is a random error message 28
ERROR this is a random error message 29
ERROR this is a random error message 30
ERROR this is a random error message 31
ERROR this is a random error message 32
ERROR this is a random error message 33
ERROR this is a random error message 34
ERROR this is a random error message 35
ERROR this is a random error message 36
ERROR this is a random error message 37
ERROR this is a random error message 38
ERROR this is a random error message 39
ERROR this is a random error message 40
ERROR this is a random error message 41
ERROR this is a random error message 42
ERROR this is a random error message 43
ERROR this is a random error message 44
ERROR this is a random error message 45
ERROR this is a random error message 46
ERROR this is a random error message 47
ERROR this is a random error message 48
ERROR this is a random error message 49
ERROR this is a random error message 50
ERROR this is a random error message 51
ERROR this is a random error message 52
ERROR this is a random error message 53
ERROR this is a random error message 54
ERROR this is a random error message 55
ERROR this is a random error message 56
ERROR this is a random error message 57
ERROR this is a random error message 58
ERROR this is a random error message 59
ERROR this is a random error message 60
ERROR this is a random error message 61
ERROR this is a random error message 62
ERROR this is a random error message 63
ERROR this is a random error message 64
ERROR this is a random error message 65
ERROR this is a random error message 66
ERROR this is a random error message 67
ERROR this is a random error message 68
ERROR this is a random error message 69
ERROR this is a random error message 70
ERROR this is a random error message 71
ERROR this is a random error message 72
ERROR this is a random error message 73
ERROR this is a random error message 74
ERROR this is a random error message 75
ERROR this is a random error message 76
ERROR this is a random error message 77
ERROR this is a random error message 78
ERROR this is a random error message 79
ERROR this is a random error message 80
ERROR this is a random error message 81
ERROR this is a random error message 82
ERROR this is a random error message 83
ERROR this is a random error message 84
ERROR this is a random error message 85
ERROR this is a random error message 86
ERROR this is a random error message 87
ERROR this is a random error message 88
ERROR this is a random error message 89
ERROR this is a random error message 90
ERROR this is a random error message 91
ERROR this is a random error message 92
ERROR this is a random error message 93
ERROR this is a random error message 94
ERROR this is a random error message 95
ERROR this is a random error message 96
ERROR this is a random error message 97
ERROR this is a random error message 98
ERROR this is a random error message 99
ERROR this is a random error message 100
